<?xml version="1.0" encoding="UTF-8"?>
<!-- Generated by org.testng.reporters.JUnitXMLReporter -->
<testsuite hostname="DESKTOP-GDP8AIK" ignored="0" name="Regression suite 1" tests="6" failures="0" timestamp="20 Feb 2019 10:56:13 GMT" time="125.22" errors="0">
  <testcase name="Second2" time="6.203" classname="AutoTest.MavenProject.Sample1"/>
  <testcase name="Second3" time="22.424" classname="AutoTest.MavenProject.Sample1"/>
  <testcase name="f" time="21.259" classname="AutoTest.MavenProject.Sample1"/>
  <testcase name="MySampleTest" time="16.265" classname="AutoTest.MavenProject.Sample2"/>
  <testcase name="MyTest" time="8.766" classname="AutoTest.MavenProject.Sample2"/>
  <testcase name="f" time="23.122" classname="AutoTest.MavenProject.Sample2"/>
</testsuite> <!-- Regression suite 1 -->
