<?xml version="1.0" encoding="UTF-8"?>
<!-- Generated by org.testng.reporters.JUnitXMLReporter -->
<testsuite hostname="DESKTOP-GDP8AIK" ignored="0" name="Default test" tests="3" failures="0" timestamp="20 Feb 2019 09:36:32 GMT" time="49.819" errors="0">
  <testcase name="Second2" time="7.51" classname="AutoTest.MavenProject.Sample1"/>
  <testcase name="Second3" time="15.667" classname="AutoTest.MavenProject.Sample1"/>
  <testcase name="f" time="15.559" classname="AutoTest.MavenProject.Sample1"/>
</testsuite> <!-- Default test -->
