<?xml version="1.0" encoding="UTF-8"?>
<!-- Generated by org.testng.reporters.JUnitXMLReporter -->
<testsuite hostname="DESKTOP-GDP8AIK" ignored="0" name="Regression suite 1" tests="6" failures="0" timestamp="22 Feb 2019 05:02:51 GMT" time="81.467" errors="0">
  <testcase name="Second2" time="6.691" classname="AutoTest.MavenProject.Sample1"/>
  <testcase name="Second3" time="15.872" classname="AutoTest.MavenProject.Sample1"/>
  <testcase name="f" time="13.747" classname="AutoTest.MavenProject.Sample1"/>
  <testcase name="MySampleTest" time="13.208" classname="AutoTest.MavenProject.Sample2"/>
  <testcase name="MyTest" time="5.769" classname="AutoTest.MavenProject.Sample2"/>
  <testcase name="f" time="7.632" classname="AutoTest.MavenProject.Sample2"/>
</testsuite> <!-- Regression suite 1 -->
