<?xml version="1.0" encoding="UTF-8"?>
<testsuite xmlns:xsi="http://www.w3.org/2001/XMLSchema-instance" xsi:noNamespaceSchemaLocation="https://maven.apache.org/surefire/maven-surefire-plugin/xsd/surefire-test-report-3.0.xsd" version="3.0" name="TestSuite" time="82.299" tests="6" errors="0" skipped="0" failures="0">
  <properties>
[...]
</properties>
  <testcase name="Second2" classname="AutoTest.MavenProject.Sample1" time="6.692"/>
  <testcase name="Second3" classname="AutoTest.MavenProject.Sample1" time="15.869"/>
  <testcase name="f" classname="AutoTest.MavenProject.Sample1" time="13.75"/>
  <testcase name="MySampleTest" classname="AutoTest.MavenProject.Sample2" time="13.208"/>
  <testcase name="MyTest" classname="AutoTest.MavenProject.Sample2" time="5.771"/>
  <testcase name="f" classname="AutoTest.MavenProject.Sample2" time="7.631"/>
</testsuite>