<?xml version="1.0" encoding="UTF-8"?>
<testng-results skipped="0" failed="0" ignored="0" total="6" passed="6">
  <reporter-output>
  </reporter-output>
  <suite name="example suite 1" duration-ms="81467" started-at="2019-02-22T05:01:30Z" finished-at="2019-02-22T05:02:51Z">
    <groups>
    </groups>
    <test name="Regression suite 1" duration-ms="81467" started-at="2019-02-22T05:01:30Z" finished-at="2019-02-22T05:02:51Z">
      <class name="AutoTest.MavenProject.Sample1">
        <test-method status="PASS" signature="beforeTest()[pri:0, instance:AutoTest.MavenProject.Sample1@531be3c5]" name="beforeTest" is-config="true" duration-ms="9840" started-at="2019-02-22T05:01:30Z" finished-at="2019-02-22T05:01:40Z">
          <reporter-output>
          </reporter-output>
        </test-method> <!-- beforeTest -->
        <test-method status="PASS" signature="beforeTest()[pri:0, instance:AutoTest.MavenProject.Sample2@52af6cff]" name="beforeTest" is-config="true" duration-ms="5448" started-at="2019-02-22T05:01:40Z" finished-at="2019-02-22T05:01:45Z">
          <reporter-output>
          </reporter-output>
        </test-method> <!-- beforeTest -->
        <test-method status="PASS" signature="Second2()[pri:0, instance:AutoTest.MavenProject.Sample1@531be3c5]" name="Second2" duration-ms="6691" started-at="2019-02-22T05:01:45Z" finished-at="2019-02-22T05:01:52Z">
          <reporter-output>
          </reporter-output>
        </test-method> <!-- Second2 -->
        <test-method status="PASS" signature="Second3()[pri:0, instance:AutoTest.MavenProject.Sample1@531be3c5]" name="Second3" duration-ms="15872" started-at="2019-02-22T05:01:52Z" finished-at="2019-02-22T05:02:08Z">
          <reporter-output>
          </reporter-output>
        </test-method> <!-- Second3 -->
        <test-method status="PASS" signature="f()[pri:0, instance:AutoTest.MavenProject.Sample1@531be3c5]" name="f" duration-ms="13747" started-at="2019-02-22T05:02:08Z" finished-at="2019-02-22T05:02:21Z">
          <reporter-output>
          </reporter-output>
        </test-method> <!-- f -->
        <test-method status="PASS" signature="afterTest()[pri:0, instance:AutoTest.MavenProject.Sample1@531be3c5]" name="afterTest" is-config="true" duration-ms="1708" started-at="2019-02-22T05:02:48Z" finished-at="2019-02-22T05:02:50Z">
          <reporter-output>
          </reporter-output>
        </test-method> <!-- afterTest -->
        <test-method status="PASS" signature="afterTest()[pri:0, instance:AutoTest.MavenProject.Sample2@52af6cff]" name="afterTest" is-config="true" duration-ms="1510" started-at="2019-02-22T05:02:50Z" finished-at="2019-02-22T05:02:51Z">
          <reporter-output>
          </reporter-output>
        </test-method> <!-- afterTest -->
      </class> <!-- AutoTest.MavenProject.Sample1 -->
      <class name="AutoTest.MavenProject.Sample2">
        <test-method status="PASS" signature="MySampleTest()[pri:0, instance:AutoTest.MavenProject.Sample2@52af6cff]" name="MySampleTest" duration-ms="13208" started-at="2019-02-22T05:02:21Z" finished-at="2019-02-22T05:02:35Z">
          <reporter-output>
          </reporter-output>
        </test-method> <!-- MySampleTest -->
        <test-method status="PASS" signature="MyTest()[pri:0, instance:AutoTest.MavenProject.Sample2@52af6cff]" name="MyTest" duration-ms="5769" started-at="2019-02-22T05:02:35Z" finished-at="2019-02-22T05:02:40Z">
          <reporter-output>
          </reporter-output>
        </test-method> <!-- MyTest -->
        <test-method status="PASS" signature="f()[pri:0, instance:AutoTest.MavenProject.Sample2@52af6cff]" name="f" duration-ms="7632" started-at="2019-02-22T05:02:40Z" finished-at="2019-02-22T05:02:48Z">
          <reporter-output>
          </reporter-output>
        </test-method> <!-- f -->
      </class> <!-- AutoTest.MavenProject.Sample2 -->
    </test> <!-- Regression suite 1 -->
  </suite> <!-- example suite 1 -->
</testng-results>
